2019-10-20 17:03:22 [main] INFO  com.shopping.files.shoppingfiles.ShoppingFilesApplication- Starting ShoppingFilesApplication on AFOJE-801281432 with PID 3608 (E:\ideaproject\AlibabaShopping\NewShopping\shopping-files\target\classes started by Administrator in E:\ideaproject\AlibabaShopping\NewShopping\shopping_parent)
2019-10-20 17:03:22 [main] INFO  com.shopping.files.shoppingfiles.ShoppingFilesApplication- No active profile set, falling back to default profiles: default
2019-10-20 17:03:23 [main] INFO  org.springframework.boot.devtools.env.DevToolsPropertyDefaultsPostProcessor- Devtools property defaults active! Set 'spring.devtools.add-properties' to 'false' to disable
2019-10-20 17:03:23 [main] INFO  org.springframework.boot.devtools.env.DevToolsPropertyDefaultsPostProcessor- For additional web related logging consider setting the 'logging.level.web' property to 'DEBUG'
2019-10-20 17:03:26 [main] INFO  org.springframework.data.repository.config.RepositoryConfigurationDelegate- Multiple Spring Data modules found, entering strict repository configuration mode!
2019-10-20 17:03:26 [main] INFO  org.springframework.data.repository.config.RepositoryConfigurationDelegate- Bootstrapping Spring Data repositories in DEFAULT mode.
2019-10-20 17:03:26 [main] INFO  org.springframework.data.repository.config.RepositoryConfigurationDelegate- Finished Spring Data repository scanning in 146ms. Found 1 repository interfaces.
2019-10-20 17:03:26 [main] INFO  org.springframework.data.repository.config.RepositoryConfigurationDelegate- Multiple Spring Data modules found, entering strict repository configuration mode!
2019-10-20 17:03:26 [main] INFO  org.springframework.data.repository.config.RepositoryConfigurationDelegate- Bootstrapping Spring Data repositories in DEFAULT mode.
2019-10-20 17:03:26 [main] INFO  org.springframework.data.repository.config.RepositoryConfigurationExtensionSupport- Spring Data Redis - Could not safely identify store assignment for repository candidate interface com.shopping.files.shoppingfiles.files.dao.FileDao.
2019-10-20 17:03:26 [main] INFO  org.springframework.data.repository.config.RepositoryConfigurationDelegate- Finished Spring Data repository scanning in 21ms. Found 0 repository interfaces.
2019-10-20 17:03:26 [main] WARN  org.mybatis.spring.mapper.ClassPathMapperScanner- No MyBatis mapper was found in '[com.shopping.files.shoppingfiles]' package. Please check your configuration.
2019-10-20 17:03:27 [main] INFO  org.springframework.context.support.PostProcessorRegistrationDelegate$BeanPostProcessorChecker- Bean 'org.springframework.transaction.annotation.ProxyTransactionManagementConfiguration' of type [org.springframework.transaction.annotation.ProxyTransactionManagementConfiguration$$EnhancerBySpringCGLIB$$9dda2430] is not eligible for getting processed by all BeanPostProcessors (for example: not eligible for auto-proxying)
2019-10-20 17:03:29 [main] INFO  org.springframework.boot.web.embedded.tomcat.TomcatWebServer- Tomcat initialized with port(s): 8082 (http)
2019-10-20 17:03:29 [main] INFO  org.apache.catalina.core.StandardService- Starting service [Tomcat]
2019-10-20 17:03:29 [main] INFO  org.apache.catalina.core.StandardEngine- Starting Servlet engine: [Apache Tomcat/9.0.22]
2019-10-20 17:03:29 [main] INFO  org.apache.catalina.core.ContainerBase.[Tomcat].[localhost].[/]- Initializing Spring embedded WebApplicationContext
2019-10-20 17:03:29 [main] INFO  org.springframework.web.context.ContextLoader- Root WebApplicationContext: initialization completed in 6100 ms
2019-10-20 17:03:30 [main] INFO  com.zaxxer.hikari.HikariDataSource- HikariPool-1 - Starting...
2019-10-20 17:03:30 [main] INFO  com.zaxxer.hikari.HikariDataSource- HikariPool-1 - Start completed.
2019-10-20 17:03:30 [main] INFO  org.hibernate.jpa.internal.util.LogHelper- HHH000204: Processing PersistenceUnitInfo [
	name: default
	...]
2019-10-20 17:03:31 [main] INFO  org.hibernate.Version- HHH000412: Hibernate Core {5.3.10.Final}
2019-10-20 17:03:31 [main] INFO  org.hibernate.cfg.Environment- HHH000206: hibernate.properties not found
2019-10-20 17:03:31 [main] INFO  org.hibernate.annotations.common.Version- HCANN000001: Hibernate Commons Annotations {5.0.4.Final}
2019-10-20 17:03:32 [main] INFO  org.hibernate.dialect.Dialect- HHH000400: Using dialect: org.hibernate.dialect.MySQL5Dialect
2019-10-20 17:03:34 [main] INFO  org.springframework.orm.jpa.LocalContainerEntityManagerFactoryBean- Initialized JPA EntityManagerFactory for persistence unit 'default'
2019-10-20 17:03:34 [main] WARN  org.springframework.boot.devtools.autoconfigure.OptionalLiveReloadServer- Unable to start LiveReload server
2019-10-20 17:03:35 [main] INFO  org.springframework.scheduling.concurrent.ThreadPoolTaskExecutor- Initializing ExecutorService 'applicationTaskExecutor'
2019-10-20 17:03:36 [main] WARN  org.springframework.boot.autoconfigure.orm.jpa.JpaBaseConfiguration$JpaWebConfiguration$JpaWebMvcConfiguration- spring.jpa.open-in-view is enabled by default. Therefore, database queries may be performed during view rendering. Explicitly configure spring.jpa.open-in-view to disable this warning
2019-10-20 17:03:36 [main] WARN  org.springframework.boot.autoconfigure.thymeleaf.ThymeleafAutoConfiguration$DefaultTemplateResolverConfiguration- Cannot find template location: classpath:/templates/ (please add some templates or check your Thymeleaf configuration)
2019-10-20 17:03:38 [main] INFO  org.springframework.boot.web.embedded.tomcat.TomcatWebServer- Tomcat started on port(s): 8082 (http) with context path ''
2019-10-20 17:03:38 [main] INFO  com.shopping.files.shoppingfiles.ShoppingFilesApplication- Started ShoppingFilesApplication in 17.983 seconds (JVM running for 28.398)
2019-10-20 17:08:33 [http-nio-8082-exec-1] INFO  org.apache.catalina.core.ContainerBase.[Tomcat].[localhost].[/]- Initializing Spring DispatcherServlet 'dispatcherServlet'
2019-10-20 17:08:33 [http-nio-8082-exec-1] INFO  org.springframework.web.servlet.DispatcherServlet- Initializing Servlet 'dispatcherServlet'
2019-10-20 17:08:33 [http-nio-8082-exec-1] INFO  org.springframework.web.servlet.DispatcherServlet- Completed initialization in 27 ms
2019-10-20 17:08:34 [http-nio-8082-exec-1] INFO  com.shopping.files.shoppingfiles.files.service.FileService- 文件上传：文件id=624b853b804b4610a20ad67bb6710470，已上传至服务器！
2019-10-20 17:09:19 [http-nio-8082-exec-3] INFO  com.shopping.files.shoppingfiles.files.service.FileService- 文件信息存储：文件id=20fd5e37b14c47c78233ead91929fc19，信息已存在服务器！
2019-10-20 17:09:20 [http-nio-8082-exec-5] INFO  com.shopping.files.shoppingfiles.files.service.FileService- 文件上传：文件id=20fd5e37b14c47c78233ead91929fc19，已上传至服务器！
2019-10-20 17:12:33 [http-nio-8082-exec-6] INFO  org.apache.tomcat.util.http.parser.Cookie- A cookie header was received [1571189586,1571274076,1571401350; JSESSIONID=51D055B1DF8D53E240B5B90FE74D68A4; ZINDEXNUMBER=1990; Hm_lpvt_098e6e84ab585bf0c2e6853604192b8b=1571556640] that contained an invalid cookie. That cookie will be ignored.
 Note: further occurrences of this error will be logged at DEBUG level.
2019-10-20 17:40:38 [main] INFO  com.shopping.shopping_protal_web.ShoppingProtalWebApplication- Starting ShoppingProtalWebApplication on AFOJE-801281432 with PID 6428 (E:\ideaproject\AlibabaShopping\NewShopping\shopping_protal\shopping_protal_web\target\classes started by Administrator in E:\ideaproject\AlibabaShopping\NewShopping\shopping_parent)
2019-10-20 17:40:38 [main] INFO  com.shopping.shopping_protal_web.ShoppingProtalWebApplication- No active profile set, falling back to default profiles: default
2019-10-20 17:40:38 [main] INFO  org.springframework.boot.devtools.env.DevToolsPropertyDefaultsPostProcessor- Devtools property defaults active! Set 'spring.devtools.add-properties' to 'false' to disable
2019-10-20 17:40:38 [main] INFO  org.springframework.boot.devtools.env.DevToolsPropertyDefaultsPostProcessor- For additional web related logging consider setting the 'logging.level.web' property to 'DEBUG'
2019-10-20 17:40:40 [main] INFO  org.springframework.data.repository.config.RepositoryConfigurationDelegate- Multiple Spring Data modules found, entering strict repository configuration mode!
2019-10-20 17:40:40 [main] INFO  org.springframework.data.repository.config.RepositoryConfigurationDelegate- Bootstrapping Spring Data repositories in DEFAULT mode.
2019-10-20 17:40:40 [main] INFO  org.springframework.data.repository.config.RepositoryConfigurationDelegate- Finished Spring Data repository scanning in 35ms. Found 0 repository interfaces.
2019-10-20 17:40:40 [main] INFO  org.springframework.data.repository.config.RepositoryConfigurationDelegate- Multiple Spring Data modules found, entering strict repository configuration mode!
2019-10-20 17:40:40 [main] INFO  org.springframework.data.repository.config.RepositoryConfigurationDelegate- Bootstrapping Spring Data repositories in DEFAULT mode.
2019-10-20 17:40:40 [main] INFO  org.springframework.data.repository.config.RepositoryConfigurationDelegate- Finished Spring Data repository scanning in 31ms. Found 0 repository interfaces.
2019-10-20 17:40:41 [main] INFO  org.springframework.context.support.PostProcessorRegistrationDelegate$BeanPostProcessorChecker- Bean 'threadAsyncConfig' of type [com.shoppingfilesplugin.shoppingfilesplugin.plugin.config.ThreadAsyncConfig$$EnhancerBySpringCGLIB$$63bb0262] is not eligible for getting processed by all BeanPostProcessors (for example: not eligible for auto-proxying)
2019-10-20 17:40:41 [main] INFO  org.springframework.context.support.PostProcessorRegistrationDelegate$BeanPostProcessorChecker- Bean 'org.springframework.transaction.annotation.ProxyTransactionManagementConfiguration' of type [org.springframework.transaction.annotation.ProxyTransactionManagementConfiguration$$EnhancerBySpringCGLIB$$2090ff7f] is not eligible for getting processed by all BeanPostProcessors (for example: not eligible for auto-proxying)
2019-10-20 17:40:42 [main] INFO  org.springframework.boot.web.embedded.tomcat.TomcatWebServer- Tomcat initialized with port(s): 8056 (http)
2019-10-20 17:40:42 [main] INFO  org.apache.catalina.core.StandardService- Starting service [Tomcat]
2019-10-20 17:40:42 [main] INFO  org.apache.catalina.core.StandardEngine- Starting Servlet engine: [Apache Tomcat/9.0.22]
2019-10-20 17:40:43 [main] INFO  org.apache.catalina.core.ContainerBase.[Tomcat].[localhost].[/]- Initializing Spring embedded WebApplicationContext
2019-10-20 17:40:43 [main] INFO  org.springframework.web.context.ContextLoader- Root WebApplicationContext: initialization completed in 4612 ms
2019-10-20 17:40:43 [main] INFO  org.springframework.boot.web.servlet.RegistrationBean- Filter myFilter was not registered (possibly already registered?)
2019-10-20 17:40:43 [main] INFO  org.hibernate.jpa.internal.util.LogHelper- HHH000204: Processing PersistenceUnitInfo [
	name: default
	...]
2019-10-20 17:40:43 [main] INFO  org.hibernate.Version- HHH000412: Hibernate Core {5.3.10.Final}
2019-10-20 17:40:43 [main] INFO  org.hibernate.cfg.Environment- HHH000206: hibernate.properties not found
2019-10-20 17:40:44 [main] INFO  org.hibernate.annotations.common.Version- HCANN000001: Hibernate Commons Annotations {5.0.4.Final}
2019-10-20 17:40:44 [main] INFO  com.zaxxer.hikari.HikariDataSource- HikariPool-1 - Starting...
2019-10-20 17:40:44 [main] INFO  com.zaxxer.hikari.HikariDataSource- HikariPool-1 - Start completed.
2019-10-20 17:40:44 [main] INFO  org.hibernate.dialect.Dialect- HHH000400: Using dialect: org.hibernate.dialect.MySQL5Dialect
2019-10-20 17:40:49 [main] INFO  org.springframework.orm.jpa.LocalContainerEntityManagerFactoryBean- Initialized JPA EntityManagerFactory for persistence unit 'default'
2019-10-20 17:40:50 [main] WARN  net.sf.ehcache.config.ConfigurationFactory- No configuration found. Configuring ehcache from ehcache-failsafe.xml  found in the classpath: jar:file:/E:/Aenvironment/repo/m2/net/sf/ehcache/ehcache-core/2.4.6/ehcache-core-2.4.6.jar!/ehcache-failsafe.xml
2019-10-20 17:40:53 [main] WARN  org.springframework.boot.web.servlet.context.AnnotationConfigServletWebServerApplicationContext- Exception encountered during context initialization - cancelling refresh attempt: org.springframework.beans.factory.UnsatisfiedDependencyException: Error creating bean with name 'fileController': Unsatisfied dependency expressed through field 'fileService'; nested exception is org.springframework.beans.factory.NoSuchBeanDefinitionException: No qualifying bean of type 'com.shopping.files.shoppingfiles.files.service.FileService' available: expected at least 1 bean which qualifies as autowire candidate. Dependency annotations: {@org.springframework.beans.factory.annotation.Autowired(required=true)}
2019-10-20 17:40:53 [main] INFO  org.springframework.orm.jpa.LocalContainerEntityManagerFactoryBean- Closing JPA EntityManagerFactory for persistence unit 'default'
2019-10-20 17:40:53 [main] INFO  com.zaxxer.hikari.HikariDataSource- HikariPool-1 - Shutdown initiated...
2019-10-20 17:40:53 [main] INFO  com.zaxxer.hikari.HikariDataSource- HikariPool-1 - Shutdown completed.
2019-10-20 17:40:53 [main] INFO  org.apache.catalina.core.StandardService- Stopping service [Tomcat]
2019-10-20 17:40:53 [main] INFO  org.springframework.boot.autoconfigure.logging.ConditionEvaluationReportLoggingListener- 

Error starting ApplicationContext. To display the conditions report re-run your application with 'debug' enabled.
2019-10-20 17:40:54 [main] ERROR org.springframework.boot.diagnostics.LoggingFailureAnalysisReporter- 

***************************
APPLICATION FAILED TO START
***************************

Description:

Field fileService in com.shopping.files.shoppingfiles.files.controller.FileController required a bean of type 'com.shopping.files.shoppingfiles.files.service.FileService' that could not be found.

The injection point has the following annotations:
	- @org.springframework.beans.factory.annotation.Autowired(required=true)


Action:

Consider defining a bean of type 'com.shopping.files.shoppingfiles.files.service.FileService' in your configuration.

2019-10-20 17:42:26 [main] INFO  com.shopping.shopping_protal_web.ShoppingProtalWebApplication- Starting ShoppingProtalWebApplication on AFOJE-801281432 with PID 14852 (E:\ideaproject\AlibabaShopping\NewShopping\shopping_protal\shopping_protal_web\target\classes started by Administrator in E:\ideaproject\AlibabaShopping\NewShopping\shopping_parent)
2019-10-20 17:42:26 [main] INFO  com.shopping.shopping_protal_web.ShoppingProtalWebApplication- No active profile set, falling back to default profiles: default
2019-10-20 17:42:26 [main] INFO  org.springframework.boot.devtools.env.DevToolsPropertyDefaultsPostProcessor- Devtools property defaults active! Set 'spring.devtools.add-properties' to 'false' to disable
2019-10-20 17:42:26 [main] INFO  org.springframework.boot.devtools.env.DevToolsPropertyDefaultsPostProcessor- For additional web related logging consider setting the 'logging.level.web' property to 'DEBUG'
2019-10-20 17:42:27 [main] WARN  org.springframework.boot.web.servlet.context.AnnotationConfigServletWebServerApplicationContext- Exception encountered during context initialization - cancelling refresh attempt: org.springframework.beans.factory.BeanDefinitionStoreException: Failed to parse configuration class [com.shopping.shopping_protal_web.ShoppingProtalWebApplication]; nested exception is org.springframework.context.annotation.ConflictingBeanDefinitionException: Annotation-specified bean name 'webConfig' for bean class [com.shopping.files.shoppingfiles.files.config.WebConfig] conflicts with existing, non-compatible bean definition of same name and class [com.shoppingfilesplugin.shoppingfilesplugin.plugin.config.WebConfig]
2019-10-20 17:42:27 [main] ERROR org.springframework.boot.SpringApplication- Application run failed
org.springframework.beans.factory.BeanDefinitionStoreException: Failed to parse configuration class [com.shopping.shopping_protal_web.ShoppingProtalWebApplication]; nested exception is org.springframework.context.annotation.ConflictingBeanDefinitionException: Annotation-specified bean name 'webConfig' for bean class [com.shopping.files.shoppingfiles.files.config.WebConfig] conflicts with existing, non-compatible bean definition of same name and class [com.shoppingfilesplugin.shoppingfilesplugin.plugin.config.WebConfig]
	at org.springframework.context.annotation.ConfigurationClassParser.parse(ConfigurationClassParser.java:181)
	at org.springframework.context.annotation.ConfigurationClassPostProcessor.processConfigBeanDefinitions(ConfigurationClassPostProcessor.java:315)
	at org.springframework.context.annotation.ConfigurationClassPostProcessor.postProcessBeanDefinitionRegistry(ConfigurationClassPostProcessor.java:232)
	at org.springframework.context.support.PostProcessorRegistrationDelegate.invokeBeanDefinitionRegistryPostProcessors(PostProcessorRegistrationDelegate.java:275)
	at org.springframework.context.support.PostProcessorRegistrationDelegate.invokeBeanFactoryPostProcessors(PostProcessorRegistrationDelegate.java:95)
	at org.springframework.context.support.AbstractApplicationContext.invokeBeanFactoryPostProcessors(AbstractApplicationContext.java:705)
	at org.springframework.context.support.AbstractApplicationContext.__refresh(AbstractApplicationContext.java:531)
	at org.springframework.context.support.AbstractApplicationContext.jrLockAndRefresh(AbstractApplicationContext.java:40002)
	at org.springframework.context.support.AbstractApplicationContext.refresh(AbstractApplicationContext.java:41008)
	at org.springframework.boot.web.servlet.context.ServletWebServerApplicationContext.refresh(ServletWebServerApplicationContext.java:141)
	at org.springframework.boot.SpringApplication.refresh(SpringApplication.java:743)
	at org.springframework.boot.SpringApplication.refreshContext(SpringApplication.java:390)
	at org.springframework.boot.SpringApplication.run(SpringApplication.java:312)
	at org.springframework.boot.SpringApplication.run(SpringApplication.java:1214)
	at org.springframework.boot.SpringApplication.run(SpringApplication.java:1203)
	at com.shopping.shopping_protal_web.ShoppingProtalWebApplication.main(ShoppingProtalWebApplication.java:28)
Caused by: org.springframework.context.annotation.ConflictingBeanDefinitionException: Annotation-specified bean name 'webConfig' for bean class [com.shopping.files.shoppingfiles.files.config.WebConfig] conflicts with existing, non-compatible bean definition of same name and class [com.shoppingfilesplugin.shoppingfilesplugin.plugin.config.WebConfig]
	at org.springframework.context.annotation.ClassPathBeanDefinitionScanner.checkCandidate(ClassPathBeanDefinitionScanner.java:348)
	at org.springframework.context.annotation.ClassPathBeanDefinitionScanner.doScan(ClassPathBeanDefinitionScanner.java:286)
	at org.springframework.context.annotation.ComponentScanAnnotationParser.parse(ComponentScanAnnotationParser.java:132)
	at org.springframework.context.annotation.ConfigurationClassParser.doProcessConfigurationClass(ConfigurationClassParser.java:287)
	at org.springframework.context.annotation.ConfigurationClassParser.processConfigurationClass(ConfigurationClassParser.java:242)
	at org.springframework.context.annotation.ConfigurationClassParser.parse(ConfigurationClassParser.java:199)
	at org.springframework.context.annotation.ConfigurationClassParser.parse(ConfigurationClassParser.java:167)
	... 15 common frames omitted
2019-10-20 17:45:02 [main] INFO  com.shopping.shopping_protal_web.ShoppingProtalWebApplication- Starting ShoppingProtalWebApplication on AFOJE-801281432 with PID 27820 (E:\ideaproject\AlibabaShopping\NewShopping\shopping_protal\shopping_protal_web\target\classes started by Administrator in E:\ideaproject\AlibabaShopping\NewShopping\shopping_parent)
2019-10-20 17:45:03 [main] INFO  com.shopping.shopping_protal_web.ShoppingProtalWebApplication- No active profile set, falling back to default profiles: default
2019-10-20 17:45:03 [main] INFO  org.springframework.boot.devtools.env.DevToolsPropertyDefaultsPostProcessor- Devtools property defaults active! Set 'spring.devtools.add-properties' to 'false' to disable
2019-10-20 17:45:03 [main] INFO  org.springframework.boot.devtools.env.DevToolsPropertyDefaultsPostProcessor- For additional web related logging consider setting the 'logging.level.web' property to 'DEBUG'
2019-10-20 17:45:03 [main] WARN  org.springframework.boot.web.servlet.context.AnnotationConfigServletWebServerApplicationContext- Exception encountered during context initialization - cancelling refresh attempt: org.springframework.beans.factory.BeanDefinitionStoreException: Failed to parse configuration class [com.shopping.shopping_protal_web.ShoppingProtalWebApplication]; nested exception is org.springframework.context.annotation.ConflictingBeanDefinitionException: Annotation-specified bean name 'fileService' for bean class [com.shopping.files.shoppingfiles.files.service.FileService] conflicts with existing, non-compatible bean definition of same name and class [com.shoppingfilesplugin.shoppingfilesplugin.plugin.service.FileService]
2019-10-20 17:45:03 [main] ERROR org.springframework.boot.SpringApplication- Application run failed
org.springframework.beans.factory.BeanDefinitionStoreException: Failed to parse configuration class [com.shopping.shopping_protal_web.ShoppingProtalWebApplication]; nested exception is org.springframework.context.annotation.ConflictingBeanDefinitionException: Annotation-specified bean name 'fileService' for bean class [com.shopping.files.shoppingfiles.files.service.FileService] conflicts with existing, non-compatible bean definition of same name and class [com.shoppingfilesplugin.shoppingfilesplugin.plugin.service.FileService]
	at org.springframework.context.annotation.ConfigurationClassParser.parse(ConfigurationClassParser.java:181)
	at org.springframework.context.annotation.ConfigurationClassPostProcessor.processConfigBeanDefinitions(ConfigurationClassPostProcessor.java:315)
	at org.springframework.context.annotation.ConfigurationClassPostProcessor.postProcessBeanDefinitionRegistry(ConfigurationClassPostProcessor.java:232)
	at org.springframework.context.support.PostProcessorRegistrationDelegate.invokeBeanDefinitionRegistryPostProcessors(PostProcessorRegistrationDelegate.java:275)
	at org.springframework.context.support.PostProcessorRegistrationDelegate.invokeBeanFactoryPostProcessors(PostProcessorRegistrationDelegate.java:95)
	at org.springframework.context.support.AbstractApplicationContext.invokeBeanFactoryPostProcessors(AbstractApplicationContext.java:705)
	at org.springframework.context.support.AbstractApplicationContext.__refresh(AbstractApplicationContext.java:531)
	at org.springframework.context.support.AbstractApplicationContext.jrLockAndRefresh(AbstractApplicationContext.java:40002)
	at org.springframework.context.support.AbstractApplicationContext.refresh(AbstractApplicationContext.java:41008)
	at org.springframework.boot.web.servlet.context.ServletWebServerApplicationContext.refresh(ServletWebServerApplicationContext.java:141)
	at org.springframework.boot.SpringApplication.refresh(SpringApplication.java:743)
	at org.springframework.boot.SpringApplication.refreshContext(SpringApplication.java:390)
	at org.springframework.boot.SpringApplication.run(SpringApplication.java:312)
	at org.springframework.boot.SpringApplication.run(SpringApplication.java:1214)
	at org.springframework.boot.SpringApplication.run(SpringApplication.java:1203)
	at com.shopping.shopping_protal_web.ShoppingProtalWebApplication.main(ShoppingProtalWebApplication.java:28)
Caused by: org.springframework.context.annotation.ConflictingBeanDefinitionException: Annotation-specified bean name 'fileService' for bean class [com.shopping.files.shoppingfiles.files.service.FileService] conflicts with existing, non-compatible bean definition of same name and class [com.shoppingfilesplugin.shoppingfilesplugin.plugin.service.FileService]
	at org.springframework.context.annotation.ClassPathBeanDefinitionScanner.checkCandidate(ClassPathBeanDefinitionScanner.java:348)
	at org.springframework.context.annotation.ClassPathBeanDefinitionScanner.doScan(ClassPathBeanDefinitionScanner.java:286)
	at org.springframework.context.annotation.ComponentScanAnnotationParser.parse(ComponentScanAnnotationParser.java:132)
	at org.springframework.context.annotation.ConfigurationClassParser.doProcessConfigurationClass(ConfigurationClassParser.java:287)
	at org.springframework.context.annotation.ConfigurationClassParser.processConfigurationClass(ConfigurationClassParser.java:242)
	at org.springframework.context.annotation.ConfigurationClassParser.parse(ConfigurationClassParser.java:199)
	at org.springframework.context.annotation.ConfigurationClassParser.parse(ConfigurationClassParser.java:167)
	... 15 common frames omitted
2019-10-20 17:47:27 [main] INFO  com.shopping.shopping_protal_web.ShoppingProtalWebApplication- Starting ShoppingProtalWebApplication on AFOJE-801281432 with PID 3860 (E:\ideaproject\AlibabaShopping\NewShopping\shopping_protal\shopping_protal_web\target\classes started by Administrator in E:\ideaproject\AlibabaShopping\NewShopping\shopping_parent)
2019-10-20 17:47:27 [main] INFO  com.shopping.shopping_protal_web.ShoppingProtalWebApplication- No active profile set, falling back to default profiles: default
2019-10-20 17:47:27 [main] INFO  org.springframework.boot.devtools.env.DevToolsPropertyDefaultsPostProcessor- Devtools property defaults active! Set 'spring.devtools.add-properties' to 'false' to disable
2019-10-20 17:47:27 [main] INFO  org.springframework.boot.devtools.env.DevToolsPropertyDefaultsPostProcessor- For additional web related logging consider setting the 'logging.level.web' property to 'DEBUG'
2019-10-20 17:47:29 [main] INFO  org.springframework.data.repository.config.RepositoryConfigurationDelegate- Multiple Spring Data modules found, entering strict repository configuration mode!
2019-10-20 17:47:29 [main] INFO  org.springframework.data.repository.config.RepositoryConfigurationDelegate- Bootstrapping Spring Data repositories in DEFAULT mode.
2019-10-20 17:47:29 [main] INFO  org.springframework.data.repository.config.RepositoryConfigurationDelegate- Finished Spring Data repository scanning in 44ms. Found 0 repository interfaces.
2019-10-20 17:47:30 [main] INFO  org.springframework.data.repository.config.RepositoryConfigurationDelegate- Multiple Spring Data modules found, entering strict repository configuration mode!
2019-10-20 17:47:30 [main] INFO  org.springframework.data.repository.config.RepositoryConfigurationDelegate- Bootstrapping Spring Data repositories in DEFAULT mode.
2019-10-20 17:47:30 [main] INFO  org.springframework.data.repository.config.RepositoryConfigurationDelegate- Finished Spring Data repository scanning in 54ms. Found 0 repository interfaces.
2019-10-20 17:47:31 [main] INFO  org.springframework.context.support.PostProcessorRegistrationDelegate$BeanPostProcessorChecker- Bean 'threadAsyncConfig' of type [com.shoppingfilesplugin.shoppingfilesplugin.plugin.config.ThreadAsyncConfig$$EnhancerBySpringCGLIB$$951f7bfc] is not eligible for getting processed by all BeanPostProcessors (for example: not eligible for auto-proxying)
2019-10-20 17:47:31 [main] INFO  org.springframework.context.support.PostProcessorRegistrationDelegate$BeanPostProcessorChecker- Bean 'org.springframework.transaction.annotation.ProxyTransactionManagementConfiguration' of type [org.springframework.transaction.annotation.ProxyTransactionManagementConfiguration$$EnhancerBySpringCGLIB$$51f57919] is not eligible for getting processed by all BeanPostProcessors (for example: not eligible for auto-proxying)
2019-10-20 17:47:32 [main] INFO  org.springframework.boot.web.embedded.tomcat.TomcatWebServer- Tomcat initialized with port(s): 8056 (http)
2019-10-20 17:47:32 [main] INFO  org.apache.catalina.core.StandardService- Starting service [Tomcat]
2019-10-20 17:47:32 [main] INFO  org.apache.catalina.core.StandardEngine- Starting Servlet engine: [Apache Tomcat/9.0.22]
2019-10-20 17:47:33 [main] INFO  org.apache.catalina.core.ContainerBase.[Tomcat].[localhost].[/]- Initializing Spring embedded WebApplicationContext
2019-10-20 17:47:33 [main] INFO  org.springframework.web.context.ContextLoader- Root WebApplicationContext: initialization completed in 5830 ms
2019-10-20 17:47:33 [main] INFO  org.springframework.boot.web.servlet.RegistrationBean- Filter myFilter was not registered (possibly already registered?)
2019-10-20 17:47:34 [main] INFO  org.hibernate.jpa.internal.util.LogHelper- HHH000204: Processing PersistenceUnitInfo [
	name: default
	...]
2019-10-20 17:47:35 [main] INFO  org.hibernate.Version- HHH000412: Hibernate Core {5.3.10.Final}
2019-10-20 17:47:35 [main] INFO  org.hibernate.cfg.Environment- HHH000206: hibernate.properties not found
2019-10-20 17:47:35 [main] INFO  org.hibernate.annotations.common.Version- HCANN000001: Hibernate Commons Annotations {5.0.4.Final}
2019-10-20 17:47:36 [main] INFO  com.zaxxer.hikari.HikariDataSource- HikariPool-1 - Starting...
2019-10-20 17:47:36 [main] INFO  com.zaxxer.hikari.HikariDataSource- HikariPool-1 - Start completed.
2019-10-20 17:47:36 [main] INFO  org.hibernate.dialect.Dialect- HHH000400: Using dialect: org.hibernate.dialect.MySQL5Dialect
2019-10-20 17:47:40 [main] INFO  org.springframework.orm.jpa.LocalContainerEntityManagerFactoryBean- Initialized JPA EntityManagerFactory for persistence unit 'default'
2019-10-20 17:47:40 [main] WARN  net.sf.ehcache.config.ConfigurationFactory- No configuration found. Configuring ehcache from ehcache-failsafe.xml  found in the classpath: jar:file:/E:/Aenvironment/repo/m2/net/sf/ehcache/ehcache-core/2.4.6/ehcache-core-2.4.6.jar!/ehcache-failsafe.xml
2019-10-20 17:47:43 [main] WARN  org.springframework.boot.web.servlet.context.AnnotationConfigServletWebServerApplicationContext- Exception encountered during context initialization - cancelling refresh attempt: org.springframework.beans.factory.UnsatisfiedDependencyException: Error creating bean with name 'fileController': Unsatisfied dependency expressed through field 'fileService'; nested exception is org.springframework.beans.factory.UnsatisfiedDependencyException: Error creating bean with name 'fileService': Unsatisfied dependency expressed through field 'fileDao'; nested exception is org.springframework.beans.factory.NoSuchBeanDefinitionException: No qualifying bean of type 'com.shopping.files.shoppingfiles.files.dao.FileDao' available: expected at least 1 bean which qualifies as autowire candidate. Dependency annotations: {@org.springframework.beans.factory.annotation.Autowired(required=true)}
2019-10-20 17:47:43 [main] INFO  org.springframework.orm.jpa.LocalContainerEntityManagerFactoryBean- Closing JPA EntityManagerFactory for persistence unit 'default'
2019-10-20 17:47:43 [main] INFO  com.zaxxer.hikari.HikariDataSource- HikariPool-1 - Shutdown initiated...
2019-10-20 17:47:43 [main] INFO  com.zaxxer.hikari.HikariDataSource- HikariPool-1 - Shutdown completed.
2019-10-20 17:47:43 [main] INFO  org.apache.catalina.core.StandardService- Stopping service [Tomcat]
2019-10-20 17:47:43 [main] INFO  org.springframework.boot.autoconfigure.logging.ConditionEvaluationReportLoggingListener- 

Error starting ApplicationContext. To display the conditions report re-run your application with 'debug' enabled.
2019-10-20 17:47:44 [main] ERROR org.springframework.boot.diagnostics.LoggingFailureAnalysisReporter- 

***************************
APPLICATION FAILED TO START
***************************

Description:

Field fileDao in com.shopping.files.shoppingfiles.files.service.FileService required a bean of type 'com.shopping.files.shoppingfiles.files.dao.FileDao' that could not be found.

The injection point has the following annotations:
	- @org.springframework.beans.factory.annotation.Autowired(required=true)


Action:

Consider defining a bean of type 'com.shopping.files.shoppingfiles.files.dao.FileDao' in your configuration.

2019-10-20 17:52:22 [main] INFO  com.shopping.shopping_protal_web.ShoppingProtalWebApplication- Starting ShoppingProtalWebApplication on AFOJE-801281432 with PID 24492 (E:\ideaproject\AlibabaShopping\NewShopping\shopping_protal\shopping_protal_web\target\classes started by Administrator in E:\ideaproject\AlibabaShopping\NewShopping\shopping_parent)
2019-10-20 17:52:22 [main] INFO  com.shopping.shopping_protal_web.ShoppingProtalWebApplication- No active profile set, falling back to default profiles: default
2019-10-20 17:52:22 [main] INFO  org.springframework.boot.devtools.env.DevToolsPropertyDefaultsPostProcessor- Devtools property defaults active! Set 'spring.devtools.add-properties' to 'false' to disable
2019-10-20 17:52:22 [main] INFO  org.springframework.boot.devtools.env.DevToolsPropertyDefaultsPostProcessor- For additional web related logging consider setting the 'logging.level.web' property to 'DEBUG'
2019-10-20 17:52:24 [main] INFO  org.springframework.data.repository.config.RepositoryConfigurationDelegate- Multiple Spring Data modules found, entering strict repository configuration mode!
2019-10-20 17:52:24 [main] INFO  org.springframework.data.repository.config.RepositoryConfigurationDelegate- Bootstrapping Spring Data repositories in DEFAULT mode.
2019-10-20 17:52:24 [main] INFO  org.springframework.data.repository.config.RepositoryConfigurationDelegate- Finished Spring Data repository scanning in 313ms. Found 1 repository interfaces.
2019-10-20 17:52:25 [main] INFO  org.springframework.data.repository.config.RepositoryConfigurationDelegate- Multiple Spring Data modules found, entering strict repository configuration mode!
2019-10-20 17:52:25 [main] INFO  org.springframework.data.repository.config.RepositoryConfigurationDelegate- Bootstrapping Spring Data repositories in DEFAULT mode.
2019-10-20 17:52:25 [main] INFO  org.springframework.data.repository.config.RepositoryConfigurationDelegate- Finished Spring Data repository scanning in 33ms. Found 0 repository interfaces.
2019-10-20 17:52:26 [main] INFO  org.springframework.context.support.PostProcessorRegistrationDelegate$BeanPostProcessorChecker- Bean 'threadAsyncConfig' of type [com.shoppingfilesplugin.shoppingfilesplugin.plugin.config.ThreadAsyncConfig$$EnhancerBySpringCGLIB$$2b0d2f7] is not eligible for getting processed by all BeanPostProcessors (for example: not eligible for auto-proxying)
2019-10-20 17:52:26 [main] INFO  org.springframework.context.support.PostProcessorRegistrationDelegate$BeanPostProcessorChecker- Bean 'org.springframework.transaction.annotation.ProxyTransactionManagementConfiguration' of type [org.springframework.transaction.annotation.ProxyTransactionManagementConfiguration$$EnhancerBySpringCGLIB$$bf86d014] is not eligible for getting processed by all BeanPostProcessors (for example: not eligible for auto-proxying)
2019-10-20 17:52:27 [main] INFO  org.springframework.boot.web.embedded.tomcat.TomcatWebServer- Tomcat initialized with port(s): 8056 (http)
2019-10-20 17:52:27 [main] INFO  org.apache.catalina.core.StandardService- Starting service [Tomcat]
2019-10-20 17:52:27 [main] INFO  org.apache.catalina.core.StandardEngine- Starting Servlet engine: [Apache Tomcat/9.0.22]
2019-10-20 17:52:27 [main] INFO  org.apache.catalina.core.ContainerBase.[Tomcat].[localhost].[/]- Initializing Spring embedded WebApplicationContext
2019-10-20 17:52:27 [main] INFO  org.springframework.web.context.ContextLoader- Root WebApplicationContext: initialization completed in 4852 ms
2019-10-20 17:52:27 [main] INFO  org.springframework.boot.web.servlet.RegistrationBean- Filter myFilter was not registered (possibly already registered?)
2019-10-20 17:52:28 [main] INFO  org.hibernate.jpa.internal.util.LogHelper- HHH000204: Processing PersistenceUnitInfo [
	name: default
	...]
2019-10-20 17:52:28 [main] INFO  org.hibernate.Version- HHH000412: Hibernate Core {5.3.10.Final}
2019-10-20 17:52:28 [main] INFO  org.hibernate.cfg.Environment- HHH000206: hibernate.properties not found
2019-10-20 17:52:28 [main] INFO  org.hibernate.annotations.common.Version- HCANN000001: Hibernate Commons Annotations {5.0.4.Final}
2019-10-20 17:52:29 [main] INFO  com.zaxxer.hikari.HikariDataSource- HikariPool-1 - Starting...
2019-10-20 17:52:29 [main] INFO  com.zaxxer.hikari.HikariDataSource- HikariPool-1 - Start completed.
2019-10-20 17:52:29 [main] INFO  org.hibernate.dialect.Dialect- HHH000400: Using dialect: org.hibernate.dialect.MySQL5Dialect
2019-10-20 17:52:33 [main] INFO  org.springframework.orm.jpa.LocalContainerEntityManagerFactoryBean- Initialized JPA EntityManagerFactory for persistence unit 'default'
2019-10-20 17:52:33 [main] WARN  net.sf.ehcache.config.ConfigurationFactory- No configuration found. Configuring ehcache from ehcache-failsafe.xml  found in the classpath: jar:file:/E:/Aenvironment/repo/m2/net/sf/ehcache/ehcache-core/2.4.6/ehcache-core-2.4.6.jar!/ehcache-failsafe.xml
2019-10-20 17:52:38 [main] WARN  org.springframework.boot.autoconfigure.orm.jpa.JpaBaseConfiguration$JpaWebConfiguration$JpaWebMvcConfiguration- spring.jpa.open-in-view is enabled by default. Therefore, database queries may be performed during view rendering. Explicitly configure spring.jpa.open-in-view to disable this warning
2019-10-20 17:52:38 [main] INFO  org.springframework.scheduling.concurrent.ThreadPoolTaskExecutor- Initializing ExecutorService
2019-10-20 17:52:38 [main] INFO  org.springframework.scheduling.concurrent.ThreadPoolTaskExecutor- Initializing ExecutorService 'getAsyncExecutor'
2019-10-20 17:52:38 [main] INFO  org.springframework.boot.devtools.autoconfigure.OptionalLiveReloadServer- LiveReload server is running on port 35729
2019-10-20 17:52:38 [main] INFO  org.springframework.boot.autoconfigure.web.servlet.WelcomePageHandlerMapping- Adding welcome page template: index
2019-10-20 17:52:39 [main] WARN  org.thymeleaf.templatemode.TemplateMode- [THYMELEAF][main] Template Mode 'HTML5' is deprecated. Using Template Mode 'HTML' instead.
2019-10-20 17:52:59 [main] INFO  springfox.documentation.spring.web.plugins.DocumentationPluginsBootstrapper- Context refreshed
2019-10-20 17:52:59 [main] INFO  springfox.documentation.spring.web.plugins.DocumentationPluginsBootstrapper- Found 1 custom documentation plugin(s)
2019-10-20 17:52:59 [main] INFO  springfox.documentation.spring.web.scanners.ApiListingReferenceScanner- Scanning for api listing references
2019-10-20 17:53:00 [main] INFO  springfox.documentation.spring.web.readers.operation.CachingOperationNameGenerator- Generating unique operation named: loginUsingPOST_1
2019-10-20 17:53:00 [main] INFO  org.springframework.boot.web.embedded.tomcat.TomcatWebServer- Tomcat started on port(s): 8056 (http) with context path ''
2019-10-20 17:53:00 [main] INFO  com.shopping.shopping_protal_web.ShoppingProtalWebApplication- Started ShoppingProtalWebApplication in 39.11 seconds (JVM running for 46.704)
2019-10-20 17:53:01 [main] ERROR com.shoppingfilesplugin.shoppingfilesplugin.plugin.dao.FileUploadTempDao- table file_temp_centre exists!
2019-10-20 17:53:01 [main] INFO  com.shoppingfilesplugin.shoppingfilesplugin.plugin.runner.FilePluginRunner- [文件服务器组件]启用成功...
2019-10-20 17:53:01 [getAsyncExecutor-2] INFO  com.shoppingfilesplugin.shoppingfilesplugin.plugin.task.FileUploadTask- >>>队列文件上传，启动>>>
2019-10-20 17:53:01 [getAsyncExecutor-1] INFO  com.shoppingfilesplugin.shoppingfilesplugin.plugin.task.FileUploadTask- >>>未上传文件服务器列表读取，启动>>>
2019-10-20 17:53:39 [http-nio-8056-exec-3] INFO  org.apache.tomcat.util.http.parser.Cookie- A cookie header was received [1571189586,1571274076,1571401350; JSESSIONID=51D055B1DF8D53E240B5B90FE74D68A4; ZINDEXNUMBER=1990; Hm_lpvt_098e6e84ab585bf0c2e6853604192b8b=1571556640] that contained an invalid cookie. That cookie will be ignored.
 Note: further occurrences of this error will be logged at DEBUG level.
2019-10-20 17:53:39 [http-nio-8056-exec-1] INFO  org.apache.tomcat.util.http.parser.Cookie- A cookie header was received [1571189586,1571274076,1571401350; JSESSIONID=51D055B1DF8D53E240B5B90FE74D68A4; ZINDEXNUMBER=1990; Hm_lpvt_098e6e84ab585bf0c2e6853604192b8b=1571556640] that contained an invalid cookie. That cookie will be ignored.
 Note: further occurrences of this error will be logged at DEBUG level.
2019-10-20 17:53:39 [http-nio-8056-exec-2] INFO  org.apache.tomcat.util.http.parser.Cookie- A cookie header was received [1571189586,1571274076,1571401350; JSESSIONID=51D055B1DF8D53E240B5B90FE74D68A4; ZINDEXNUMBER=1990; Hm_lpvt_098e6e84ab585bf0c2e6853604192b8b=1571556640] that contained an invalid cookie. That cookie will be ignored.
 Note: further occurrences of this error will be logged at DEBUG level.
2019-10-20 17:53:39 [http-nio-8056-exec-3] INFO  org.apache.catalina.core.ContainerBase.[Tomcat].[localhost].[/]- Initializing Spring DispatcherServlet 'dispatcherServlet'
2019-10-20 17:53:39 [http-nio-8056-exec-3] INFO  org.springframework.web.servlet.DispatcherServlet- Initializing Servlet 'dispatcherServlet'
2019-10-20 17:53:39 [http-nio-8056-exec-3] INFO  org.springframework.web.servlet.DispatcherServlet- Completed initialization in 35 ms
2019-10-20 17:53:42 [http-nio-8056-exec-9] INFO  org.hibernate.hql.internal.QueryTranslatorFactoryInitiator- HHH000397: Using ASTQueryTranslatorFactory
2019-10-20 17:53:44 [http-nio-8056-exec-9] ERROR org.thymeleaf.TemplateEngine- [THYMELEAF][http-nio-8056-exec-9] Exception processing template "web/PicMsg": An error happened during template parsing (template: "class path resource [static/page/web/PicMsg.html]")
org.thymeleaf.exceptions.TemplateInputException: An error happened during template parsing (template: "class path resource [static/page/web/PicMsg.html]")
	at org.thymeleaf.templateparser.markup.AbstractMarkupTemplateParser.parse(AbstractMarkupTemplateParser.java:241)
	at org.thymeleaf.templateparser.markup.AbstractMarkupTemplateParser.parseStandalone(AbstractMarkupTemplateParser.java:100)
	at org.thymeleaf.engine.TemplateManager.parseAndProcess(TemplateManager.java:666)
	at org.thymeleaf.TemplateEngine.process(TemplateEngine.java:1098)
	at org.thymeleaf.TemplateEngine.process(TemplateEngine.java:1072)
	at org.thymeleaf.spring5.view.ThymeleafView.renderFragment(ThymeleafView.java:362)
	at org.thymeleaf.spring5.view.ThymeleafView.render(ThymeleafView.java:189)
	at org.springframework.web.servlet.DispatcherServlet.render(DispatcherServlet.java:1371)
	at org.springframework.web.servlet.DispatcherServlet.processDispatchResult(DispatcherServlet.java:1117)
	at org.springframework.web.servlet.DispatcherServlet.doDispatch(DispatcherServlet.java:1056)
	at org.springframework.web.servlet.DispatcherServlet.doService(DispatcherServlet.java:942)
	at org.springframework.web.servlet.FrameworkServlet.processRequest(FrameworkServlet.java:1005)
	at org.springframework.web.servlet.FrameworkServlet.doGet(FrameworkServlet.java:897)
	at javax.servlet.http.HttpServlet.service(HttpServlet.java:634)
	at org.springframework.web.servlet.FrameworkServlet.service(FrameworkServlet.java:882)
	at javax.servlet.http.HttpServlet.service(HttpServlet.java:741)
	at org.apache.catalina.core.ApplicationFilterChain.internalDoFilter(ApplicationFilterChain.java:231)
	at org.apache.catalina.core.ApplicationFilterChain.doFilter(ApplicationFilterChain.java:166)
	at org.apache.tomcat.websocket.server.WsFilter.doFilter(WsFilter.java:53)
	at org.apache.catalina.core.ApplicationFilterChain.internalDoFilter(ApplicationFilterChain.java:193)
	at org.apache.catalina.core.ApplicationFilterChain.doFilter(ApplicationFilterChain.java:166)
	at com.shopping.shopping_protal_web.filter.MyFilter.doFilter(MyFilter.java:26)
	at org.apache.catalina.core.ApplicationFilterChain.internalDoFilter(ApplicationFilterChain.java:193)
	at org.apache.catalina.core.ApplicationFilterChain.doFilter(ApplicationFilterChain.java:166)
	at com.shopping.shopping_protal_web.filter.MyFilterTwo.doFilter(MyFilterTwo.java:59)
	at org.apache.catalina.core.ApplicationFilterChain.internalDoFilter(ApplicationFilterChain.java:193)
	at org.apache.catalina.core.ApplicationFilterChain.doFilter(ApplicationFilterChain.java:166)
	at org.springframework.web.filter.RequestContextFilter.doFilterInternal(RequestContextFilter.java:99)
	at org.springframework.web.filter.OncePerRequestFilter.doFilter(OncePerRequestFilter.java:118)
	at org.apache.catalina.core.ApplicationFilterChain.internalDoFilter(ApplicationFilterChain.java:193)
	at org.apache.catalina.core.ApplicationFilterChain.doFilter(ApplicationFilterChain.java:166)
	at org.springframework.web.filter.FormContentFilter.doFilterInternal(FormContentFilter.java:92)
	at org.springframework.web.filter.OncePerRequestFilter.doFilter(OncePerRequestFilter.java:118)
	at org.apache.catalina.core.ApplicationFilterChain.internalDoFilter(ApplicationFilterChain.java:193)
	at org.apache.catalina.core.ApplicationFilterChain.doFilter(ApplicationFilterChain.java:166)
	at org.springframework.web.filter.HiddenHttpMethodFilter.doFilterInternal(HiddenHttpMethodFilter.java:93)
	at org.springframework.web.filter.OncePerRequestFilter.doFilter(OncePerRequestFilter.java:118)
	at org.apache.catalina.core.ApplicationFilterChain.internalDoFilter(ApplicationFilterChain.java:193)
	at org.apache.catalina.core.ApplicationFilterChain.doFilter(ApplicationFilterChain.java:166)
	at org.springframework.web.filter.CharacterEncodingFilter.doFilterInternal(CharacterEncodingFilter.java:200)
	at org.springframework.web.filter.OncePerRequestFilter.doFilter(OncePerRequestFilter.java:118)
	at org.apache.catalina.core.ApplicationFilterChain.internalDoFilter(ApplicationFilterChain.java:193)
	at org.apache.catalina.core.ApplicationFilterChain.doFilter(ApplicationFilterChain.java:166)
	at org.apache.catalina.core.StandardWrapperValve.invoke(StandardWrapperValve.java:202)
	at org.apache.catalina.core.StandardContextValve.__invoke(StandardContextValve.java:96)
	at org.apache.catalina.core.StandardContextValve.invoke(StandardContextValve.java:41002)
	at org.apache.catalina.authenticator.AuthenticatorBase.invoke(AuthenticatorBase.java:490)
	at org.apache.catalina.core.StandardHostValve.invoke(StandardHostValve.java:139)
	at org.apache.catalina.valves.ErrorReportValve.invoke(ErrorReportValve.java:92)
	at org.apache.catalina.core.StandardEngineValve.invoke(StandardEngineValve.java:74)
	at org.apache.catalina.connector.CoyoteAdapter.service(CoyoteAdapter.java:343)
	at org.apache.coyote.http11.Http11Processor.service(Http11Processor.java:408)
	at org.apache.coyote.AbstractProcessorLight.process(AbstractProcessorLight.java:66)
	at org.apache.coyote.AbstractProtocol$ConnectionHandler.process(AbstractProtocol.java:853)
	at org.apache.tomcat.util.net.NioEndpoint$SocketProcessor.doRun(NioEndpoint.java:1587)
	at org.apache.tomcat.util.net.SocketProcessorBase.run(SocketProcessorBase.java:49)
	at java.util.concurrent.ThreadPoolExecutor.runWorker(ThreadPoolExecutor.java:1149)
	at java.util.concurrent.ThreadPoolExecutor$Worker.run(ThreadPoolExecutor.java:624)
	at org.apache.tomcat.util.threads.TaskThread$WrappingRunnable.run(TaskThread.java:61)
	at java.lang.Thread.run(Thread.java:748)
Caused by: org.attoparser.ParseException: Exception evaluating SpringEL expression: "albumViewTools.query_album(Album.getId().toString()).size()" (template: "web/PicMsg" - line 243, col 26)
	at org.attoparser.MarkupParser.parseDocument(MarkupParser.java:393)
	at org.attoparser.MarkupParser.parse(MarkupParser.java:257)
	at org.thymeleaf.templateparser.markup.AbstractMarkupTemplateParser.parse(AbstractMarkupTemplateParser.java:230)
	... 59 common frames omitted
Caused by: org.thymeleaf.exceptions.TemplateProcessingException: Exception evaluating SpringEL expression: "albumViewTools.query_album(Album.getId().toString()).size()" (template: "web/PicMsg" - line 243, col 26)
	at org.thymeleaf.spring5.expression.SPELVariableExpressionEvaluator.evaluate(SPELVariableExpressionEvaluator.java:290)
	at org.thymeleaf.standard.expression.VariableExpression.executeVariableExpression(VariableExpression.java:166)
	at org.thymeleaf.standard.expression.SimpleExpression.executeSimple(SimpleExpression.java:66)
	at org.thymeleaf.standard.expression.Expression.execute(Expression.java:109)
	at org.thymeleaf.standard.expression.Expression.execute(Expression.java:138)
	at org.thymeleaf.standard.processor.AbstractStandardExpressionAttributeTagProcessor.doProcess(AbstractStandardExpressionAttributeTagProcessor.java:144)
	at org.thymeleaf.processor.element.AbstractAttributeTagProcessor.doProcess(AbstractAttributeTagProcessor.java:74)
	at org.thymeleaf.processor.element.AbstractElementTagProcessor.process(AbstractElementTagProcessor.java:95)
	at org.thymeleaf.util.ProcessorConfigurationUtils$ElementTagProcessorWrapper.process(ProcessorConfigurationUtils.java:633)
	at org.thymeleaf.engine.ProcessorTemplateHandler.handleOpenElement(ProcessorTemplateHandler.java:1314)
	at org.thymeleaf.engine.OpenElementTag.beHandled(OpenElementTag.java:205)
	at org.thymeleaf.engine.Model.process(Model.java:282)
	at org.thymeleaf.engine.Model.process(Model.java:290)
	at org.thymeleaf.engine.IteratedGatheringModelProcessable.processIterationModel(IteratedGatheringModelProcessable.java:367)
	at org.thymeleaf.engine.IteratedGatheringModelProcessable.process(IteratedGatheringModelProcessable.java:221)
	at org.thymeleaf.engine.ProcessorTemplateHandler.handleCloseElement(ProcessorTemplateHandler.java:1640)
	at org.thymeleaf.engine.TemplateHandlerAdapterMarkupHandler.handleCloseElementEnd(TemplateHandlerAdapterMarkupHandler.java:388)
	at org.thymeleaf.templateparser.markup.InlinedOutputExpressionMarkupHandler$InlineMarkupAdapterPreProcessorHandler.handleCloseElementEnd(InlinedOutputExpressionMarkupHandler.java:322)
	at org.thymeleaf.standard.inline.OutputExpressionInlinePreProcessorHandler.handleCloseElementEnd(OutputExpressionInlinePreProcessorHandler.java:220)
	at org.thymeleaf.templateparser.markup.InlinedOutputExpressionMarkupHandler.handleCloseElementEnd(InlinedOutputExpressionMarkupHandler.java:164)
	at org.attoparser.HtmlElement.handleCloseElementEnd(HtmlElement.java:169)
	at org.attoparser.HtmlMarkupHandler.handleCloseElementEnd(HtmlMarkupHandler.java:412)
	at org.attoparser.MarkupEventProcessorHandler.handleCloseElementEnd(MarkupEventProcessorHandler.java:473)
	at org.attoparser.ParsingElementMarkupUtil.parseCloseElement(ParsingElementMarkupUtil.java:201)
	at org.attoparser.MarkupParser.parseBuffer(MarkupParser.java:725)
	at org.attoparser.MarkupParser.parseDocument(MarkupParser.java:301)
	... 61 common frames omitted
Caused by: org.springframework.expression.spel.SpelEvaluationException: EL1011E: Method call: Attempted to call method query_album(java.lang.String) on null context object
	at org.springframework.expression.spel.ast.MethodReference.throwIfNotNullSafe(MethodReference.java:153)
	at org.springframework.expression.spel.ast.MethodReference.getValueInternal(MethodReference.java:104)
	at org.springframework.expression.spel.ast.MethodReference.getValueInternal(MethodReference.java:94)
	at org.springframework.expression.spel.ast.CompoundExpression.getValueRef(CompoundExpression.java:59)
	at org.springframework.expression.spel.ast.CompoundExpression.getValueInternal(CompoundExpression.java:89)
	at org.springframework.expression.spel.ast.SpelNodeImpl.getValue(SpelNodeImpl.java:109)
	at org.springframework.expression.spel.standard.SpelExpression.getValue(SpelExpression.java:328)
	at org.thymeleaf.spring5.expression.SPELVariableExpressionEvaluator.evaluate(SPELVariableExpressionEvaluator.java:263)
	... 86 common frames omitted
2019-10-20 17:53:44 [http-nio-8056-exec-9] ERROR org.apache.catalina.core.ContainerBase.[Tomcat].[localhost].[/].[dispatcherServlet]- Servlet.service() for servlet [dispatcherServlet] in context with path [] threw exception [Request processing failed; nested exception is org.thymeleaf.exceptions.TemplateInputException: An error happened during template parsing (template: "class path resource [static/page/web/PicMsg.html]")] with root cause
org.springframework.expression.spel.SpelEvaluationException: EL1011E: Method call: Attempted to call method query_album(java.lang.String) on null context object
	at org.springframework.expression.spel.ast.MethodReference.throwIfNotNullSafe(MethodReference.java:153)
	at org.springframework.expression.spel.ast.MethodReference.getValueInternal(MethodReference.java:104)
	at org.springframework.expression.spel.ast.MethodReference.getValueInternal(MethodReference.java:94)
	at org.springframework.expression.spel.ast.CompoundExpression.getValueRef(CompoundExpression.java:59)
	at org.springframework.expression.spel.ast.CompoundExpression.getValueInternal(CompoundExpression.java:89)
	at org.springframework.expression.spel.ast.SpelNodeImpl.getValue(SpelNodeImpl.java:109)
	at org.springframework.expression.spel.standard.SpelExpression.getValue(SpelExpression.java:328)
	at org.thymeleaf.spring5.expression.SPELVariableExpressionEvaluator.evaluate(SPELVariableExpressionEvaluator.java:263)
	at org.thymeleaf.standard.expression.VariableExpression.executeVariableExpression(VariableExpression.java:166)
	at org.thymeleaf.standard.expression.SimpleExpression.executeSimple(SimpleExpression.java:66)
	at org.thymeleaf.standard.expression.Expression.execute(Expression.java:109)
	at org.thymeleaf.standard.expression.Expression.execute(Expression.java:138)
	at org.thymeleaf.standard.processor.AbstractStandardExpressionAttributeTagProcessor.doProcess(AbstractStandardExpressionAttributeTagProcessor.java:144)
	at org.thymeleaf.processor.element.AbstractAttributeTagProcessor.doProcess(AbstractAttributeTagProcessor.java:74)
	at org.thymeleaf.processor.element.AbstractElementTagProcessor.process(AbstractElementTagProcessor.java:95)
	at org.thymeleaf.util.ProcessorConfigurationUtils$ElementTagProcessorWrapper.process(ProcessorConfigurationUtils.java:633)
	at org.thymeleaf.engine.ProcessorTemplateHandler.handleOpenElement(ProcessorTemplateHandler.java:1314)
	at org.thymeleaf.engine.OpenElementTag.beHandled(OpenElementTag.java:205)
	at org.thymeleaf.engine.Model.process(Model.java:282)
	at org.thymeleaf.engine.Model.process(Model.java:290)
	at org.thymeleaf.engine.IteratedGatheringModelProcessable.processIterationModel(IteratedGatheringModelProcessable.java:367)
	at org.thymeleaf.engine.IteratedGatheringModelProcessable.process(IteratedGatheringModelProcessable.java:221)
	at org.thymeleaf.engine.ProcessorTemplateHandler.handleCloseElement(ProcessorTemplateHandler.java:1640)
	at org.thymeleaf.engine.TemplateHandlerAdapterMarkupHandler.handleCloseElementEnd(TemplateHandlerAdapterMarkupHandler.java:388)
	at org.thymeleaf.templateparser.markup.InlinedOutputExpressionMarkupHandler$InlineMarkupAdapterPreProcessorHandler.handleCloseElementEnd(InlinedOutputExpressionMarkupHandler.java:322)
	at org.thymeleaf.standard.inline.OutputExpressionInlinePreProcessorHandler.handleCloseElementEnd(OutputExpressionInlinePreProcessorHandler.java:220)
	at org.thymeleaf.templateparser.markup.InlinedOutputExpressionMarkupHandler.handleCloseElementEnd(InlinedOutputExpressionMarkupHandler.java:164)
	at org.attoparser.HtmlElement.handleCloseElementEnd(HtmlElement.java:169)
	at org.attoparser.HtmlMarkupHandler.handleCloseElementEnd(HtmlMarkupHandler.java:412)
	at org.attoparser.MarkupEventProcessorHandler.handleCloseElementEnd(MarkupEventProcessorHandler.java:473)
	at org.attoparser.ParsingElementMarkupUtil.parseCloseElement(ParsingElementMarkupUtil.java:201)
	at org.attoparser.MarkupParser.parseBuffer(MarkupParser.java:725)
	at org.attoparser.MarkupParser.parseDocument(MarkupParser.java:301)
	at org.attoparser.MarkupParser.parse(MarkupParser.java:257)
	at org.thymeleaf.templateparser.markup.AbstractMarkupTemplateParser.parse(AbstractMarkupTemplateParser.java:230)
	at org.thymeleaf.templateparser.markup.AbstractMarkupTemplateParser.parseStandalone(AbstractMarkupTemplateParser.java:100)
	at org.thymeleaf.engine.TemplateManager.parseAndProcess(TemplateManager.java:666)
	at org.thymeleaf.TemplateEngine.process(TemplateEngine.java:1098)
	at org.thymeleaf.TemplateEngine.process(TemplateEngine.java:1072)
	at org.thymeleaf.spring5.view.ThymeleafView.renderFragment(ThymeleafView.java:362)
	at org.thymeleaf.spring5.view.ThymeleafView.render(ThymeleafView.java:189)
	at org.springframework.web.servlet.DispatcherServlet.render(DispatcherServlet.java:1371)
	at org.springframework.web.servlet.DispatcherServlet.processDispatchResult(DispatcherServlet.java:1117)
	at org.springframework.web.servlet.DispatcherServlet.doDispatch(DispatcherServlet.java:1056)
	at org.springframework.web.servlet.DispatcherServlet.doService(DispatcherServlet.java:942)
	at org.springframework.web.servlet.FrameworkServlet.processRequest(FrameworkServlet.java:1005)
	at org.springframework.web.servlet.FrameworkServlet.doGet(FrameworkServlet.java:897)
	at javax.servlet.http.HttpServlet.service(HttpServlet.java:634)
	at org.springframework.web.servlet.FrameworkServlet.service(FrameworkServlet.java:882)
	at javax.servlet.http.HttpServlet.service(HttpServlet.java:741)
	at org.apache.catalina.core.ApplicationFilterChain.internalDoFilter(ApplicationFilterChain.java:231)
	at org.apache.catalina.core.ApplicationFilterChain.doFilter(ApplicationFilterChain.java:166)
	at org.apache.tomcat.websocket.server.WsFilter.doFilter(WsFilter.java:53)
	at org.apache.catalina.core.ApplicationFilterChain.internalDoFilter(ApplicationFilterChain.java:193)
	at org.apache.catalina.core.ApplicationFilterChain.doFilter(ApplicationFilterChain.java:166)
	at com.shopping.shopping_protal_web.filter.MyFilter.doFilter(MyFilter.java:26)
	at org.apache.catalina.core.ApplicationFilterChain.internalDoFilter(ApplicationFilterChain.java:193)
	at org.apache.catalina.core.ApplicationFilterChain.doFilter(ApplicationFilterChain.java:166)
	at com.shopping.shopping_protal_web.filter.MyFilterTwo.doFilter(MyFilterTwo.java:59)
	at org.apache.catalina.core.ApplicationFilterChain.internalDoFilter(ApplicationFilterChain.java:193)
	at org.apache.catalina.core.ApplicationFilterChain.doFilter(ApplicationFilterChain.java:166)
	at org.springframework.web.filter.RequestContextFilter.doFilterInternal(RequestContextFilter.java:99)
	at org.springframework.web.filter.OncePerRequestFilter.doFilter(OncePerRequestFilter.java:118)
	at org.apache.catalina.core.ApplicationFilterChain.internalDoFilter(ApplicationFilterChain.java:193)
	at org.apache.catalina.core.ApplicationFilterChain.doFilter(ApplicationFilterChain.java:166)
	at org.springframework.web.filter.FormContentFilter.doFilterInternal(FormContentFilter.java:92)
	at org.springframework.web.filter.OncePerRequestFilter.doFilter(OncePerRequestFilter.java:118)
	at org.apache.catalina.core.ApplicationFilterChain.internalDoFilter(ApplicationFilterChain.java:193)
	at org.apache.catalina.core.ApplicationFilterChain.doFilter(ApplicationFilterChain.java:166)
	at org.springframework.web.filter.HiddenHttpMethodFilter.doFilterInternal(HiddenHttpMethodFilter.java:93)
	at org.springframework.web.filter.OncePerRequestFilter.doFilter(OncePerRequestFilter.java:118)
	at org.apache.catalina.core.ApplicationFilterChain.internalDoFilter(ApplicationFilterChain.java:193)
	at org.apache.catalina.core.ApplicationFilterChain.doFilter(ApplicationFilterChain.java:166)
	at org.springframework.web.filter.CharacterEncodingFilter.doFilterInternal(CharacterEncodingFilter.java:200)
	at org.springframework.web.filter.OncePerRequestFilter.doFilter(OncePerRequestFilter.java:118)
	at org.apache.catalina.core.ApplicationFilterChain.internalDoFilter(ApplicationFilterChain.java:193)
	at org.apache.catalina.core.ApplicationFilterChain.doFilter(ApplicationFilterChain.java:166)
	at org.apache.catalina.core.StandardWrapperValve.invoke(StandardWrapperValve.java:202)
	at org.apache.catalina.core.StandardContextValve.__invoke(StandardContextValve.java:96)
	at org.apache.catalina.core.StandardContextValve.invoke(StandardContextValve.java:41002)
	at org.apache.catalina.authenticator.AuthenticatorBase.invoke(AuthenticatorBase.java:490)
	at org.apache.catalina.core.StandardHostValve.invoke(StandardHostValve.java:139)
	at org.apache.catalina.valves.ErrorReportValve.invoke(ErrorReportValve.java:92)
	at org.apache.catalina.core.StandardEngineValve.invoke(StandardEngineValve.java:74)
	at org.apache.catalina.connector.CoyoteAdapter.service(CoyoteAdapter.java:343)
	at org.apache.coyote.http11.Http11Processor.service(Http11Processor.java:408)
	at org.apache.coyote.AbstractProcessorLight.process(AbstractProcessorLight.java:66)
	at org.apache.coyote.AbstractProtocol$ConnectionHandler.process(AbstractProtocol.java:853)
	at org.apache.tomcat.util.net.NioEndpoint$SocketProcessor.doRun(NioEndpoint.java:1587)
	at org.apache.tomcat.util.net.SocketProcessorBase.run(SocketProcessorBase.java:49)
	at java.util.concurrent.ThreadPoolExecutor.runWorker(ThreadPoolExecutor.java:1149)
	at java.util.concurrent.ThreadPoolExecutor$Worker.run(ThreadPoolExecutor.java:624)
	at org.apache.tomcat.util.threads.TaskThread$WrappingRunnable.run(TaskThread.java:61)
	at java.lang.Thread.run(Thread.java:748)
2019-10-20 17:54:06 [http-nio-8056-exec-7] INFO  com.shoppingfilesplugin.shoppingfilesplugin.plugin.service.FileServicePluginFiles- 文件已存入本地：uuid=649ef2a384064a66aeb26cddfff08e08
2019-10-20 17:54:07 [http-nio-8056-exec-10] INFO  com.shopping.files.shoppingfiles.files.service.FileService- 文件信息存储：文件id=649ef2a384064a66aeb26cddfff08e08，信息已存在服务器！
2019-10-20 17:54:07 [http-nio-8056-exec-7] INFO  com.shoppingfilesplugin.shoppingfilesplugin.plugin.service.FileServicePluginFiles- 文件信息传输>>>ID：649ef2a384064a66aeb26cddfff08e08，路径：http://localhost:8056/files//2019/10/20/1571565246123_业务图片_4981.png
2019-10-20 17:54:07 [http-nio-8056-exec-7] INFO  com.shoppingfilesplugin.shoppingfilesplugin.plugin.service.FileServicePluginFiles- 文件已加入上传队列！uuid=649ef2a384064a66aeb26cddfff08e08
2019-10-20 17:54:07 [getAsyncExecutor-2] INFO  com.shoppingfilesplugin.shoppingfilesplugin.plugin.task.FileUploadTask- 队列文件上传任务>>>id=649ef2a384064a66aeb26cddfff08e08，开始传输文件！
2019-10-20 17:54:07 [http-nio-8056-exec-1] INFO  com.shopping.files.shoppingfiles.files.service.FileService- 文件上传：文件id=649ef2a384064a66aeb26cddfff08e08，已上传至服务器！
2019-10-20 17:54:07 [getAsyncExecutor-2] INFO  com.shoppingfilesplugin.shoppingfilesplugin.plugin.task.FileUploadTask- 队列文件上传任务>>>文件：D:/resource_centre/\2019\10\20\1571565246123_业务图片_4981.png 已成功上传到文件服务器！
2019-10-20 17:56:06 [main] INFO  com.shopping.shopping_protal_web.ShoppingProtalWebApplication- Starting ShoppingProtalWebApplication on AFOJE-801281432 with PID 6876 (E:\ideaproject\AlibabaShopping\NewShopping\shopping_protal\shopping_protal_web\target\classes started by Administrator in E:\ideaproject\AlibabaShopping\NewShopping\shopping_parent)
2019-10-20 17:56:06 [main] INFO  com.shopping.shopping_protal_web.ShoppingProtalWebApplication- No active profile set, falling back to default profiles: default
2019-10-20 17:56:07 [main] INFO  org.springframework.boot.devtools.env.DevToolsPropertyDefaultsPostProcessor- Devtools property defaults active! Set 'spring.devtools.add-properties' to 'false' to disable
2019-10-20 17:56:07 [main] INFO  org.springframework.boot.devtools.env.DevToolsPropertyDefaultsPostProcessor- For additional web related logging consider setting the 'logging.level.web' property to 'DEBUG'
2019-10-20 17:56:12 [main] INFO  org.springframework.data.repository.config.RepositoryConfigurationDelegate- Multiple Spring Data modules found, entering strict repository configuration mode!
2019-10-20 17:56:12 [main] INFO  org.springframework.data.repository.config.RepositoryConfigurationDelegate- Bootstrapping Spring Data repositories in DEFAULT mode.
2019-10-20 17:56:13 [main] INFO  org.springframework.data.repository.config.RepositoryConfigurationDelegate- Finished Spring Data repository scanning in 123ms. Found 1 repository interfaces.
2019-10-20 17:56:13 [main] INFO  org.springframework.data.repository.config.RepositoryConfigurationDelegate- Multiple Spring Data modules found, entering strict repository configuration mode!
2019-10-20 17:56:13 [main] INFO  org.springframework.data.repository.config.RepositoryConfigurationDelegate- Bootstrapping Spring Data repositories in DEFAULT mode.
2019-10-20 17:56:13 [main] INFO  org.springframework.data.repository.config.RepositoryConfigurationDelegate- Finished Spring Data repository scanning in 38ms. Found 0 repository interfaces.
2019-10-20 17:56:14 [main] INFO  org.springframework.context.support.PostProcessorRegistrationDelegate$BeanPostProcessorChecker- Bean 'threadAsyncConfig' of type [com.shoppingfilesplugin.shoppingfilesplugin.plugin.config.ThreadAsyncConfig$$EnhancerBySpringCGLIB$$ba8242bb] is not eligible for getting processed by all BeanPostProcessors (for example: not eligible for auto-proxying)
2019-10-20 17:56:14 [main] INFO  org.springframework.context.support.PostProcessorRegistrationDelegate$BeanPostProcessorChecker- Bean 'org.springframework.transaction.annotation.ProxyTransactionManagementConfiguration' of type [org.springframework.transaction.annotation.ProxyTransactionManagementConfiguration$$EnhancerBySpringCGLIB$$77583fd8] is not eligible for getting processed by all BeanPostProcessors (for example: not eligible for auto-proxying)
2019-10-20 17:56:15 [main] INFO  org.springframework.boot.web.embedded.tomcat.TomcatWebServer- Tomcat initialized with port(s): 8056 (http)
2019-10-20 17:56:16 [main] INFO  org.apache.catalina.core.StandardService- Starting service [Tomcat]
2019-10-20 17:56:16 [main] INFO  org.apache.catalina.core.StandardEngine- Starting Servlet engine: [Apache Tomcat/9.0.22]
2019-10-20 17:56:16 [main] INFO  org.apache.catalina.core.ContainerBase.[Tomcat].[localhost].[/]- Initializing Spring embedded WebApplicationContext
2019-10-20 17:56:16 [main] INFO  org.springframework.web.context.ContextLoader- Root WebApplicationContext: initialization completed in 9085 ms
2019-10-20 17:56:16 [main] INFO  org.springframework.boot.web.servlet.RegistrationBean- Filter myFilter was not registered (possibly already registered?)
2019-10-20 17:56:16 [main] INFO  org.hibernate.jpa.internal.util.LogHelper- HHH000204: Processing PersistenceUnitInfo [
	name: default
	...]
2019-10-20 17:56:17 [main] INFO  org.hibernate.Version- HHH000412: Hibernate Core {5.3.10.Final}
2019-10-20 17:56:17 [main] INFO  org.hibernate.cfg.Environment- HHH000206: hibernate.properties not found
2019-10-20 17:56:17 [main] INFO  org.hibernate.annotations.common.Version- HCANN000001: Hibernate Commons Annotations {5.0.4.Final}
2019-10-20 17:56:18 [main] INFO  com.zaxxer.hikari.HikariDataSource- HikariPool-1 - Starting...
2019-10-20 17:56:18 [main] INFO  com.zaxxer.hikari.HikariDataSource- HikariPool-1 - Start completed.
2019-10-20 17:56:18 [main] INFO  org.hibernate.dialect.Dialect- HHH000400: Using dialect: org.hibernate.dialect.MySQL5Dialect
2019-10-20 17:56:23 [main] INFO  org.springframework.orm.jpa.LocalContainerEntityManagerFactoryBean- Initialized JPA EntityManagerFactory for persistence unit 'default'
2019-10-20 17:56:23 [main] WARN  net.sf.ehcache.config.ConfigurationFactory- No configuration found. Configuring ehcache from ehcache-failsafe.xml  found in the classpath: jar:file:/E:/Aenvironment/repo/m2/net/sf/ehcache/ehcache-core/2.4.6/ehcache-core-2.4.6.jar!/ehcache-failsafe.xml
2019-10-20 17:56:30 [main] WARN  org.springframework.boot.autoconfigure.orm.jpa.JpaBaseConfiguration$JpaWebConfiguration$JpaWebMvcConfiguration- spring.jpa.open-in-view is enabled by default. Therefore, database queries may be performed during view rendering. Explicitly configure spring.jpa.open-in-view to disable this warning
2019-10-20 17:56:30 [main] INFO  org.springframework.scheduling.concurrent.ThreadPoolTaskExecutor- Initializing ExecutorService
2019-10-20 17:56:30 [main] INFO  org.springframework.scheduling.concurrent.ThreadPoolTaskExecutor- Initializing ExecutorService 'getAsyncExecutor'
2019-10-20 17:56:31 [main] INFO  org.springframework.boot.devtools.autoconfigure.OptionalLiveReloadServer- LiveReload server is running on port 35729
2019-10-20 17:56:31 [main] INFO  org.springframework.boot.autoconfigure.web.servlet.WelcomePageHandlerMapping- Adding welcome page template: index
2019-10-20 17:56:31 [main] WARN  org.thymeleaf.templatemode.TemplateMode- [THYMELEAF][main] Template Mode 'HTML5' is deprecated. Using Template Mode 'HTML' instead.
2019-10-20 17:56:32 [main] INFO  springfox.documentation.spring.web.plugins.DocumentationPluginsBootstrapper- Context refreshed
2019-10-20 17:56:32 [main] INFO  springfox.documentation.spring.web.plugins.DocumentationPluginsBootstrapper- Found 1 custom documentation plugin(s)
2019-10-20 17:56:32 [main] INFO  springfox.documentation.spring.web.scanners.ApiListingReferenceScanner- Scanning for api listing references
2019-10-20 17:56:33 [main] INFO  springfox.documentation.spring.web.readers.operation.CachingOperationNameGenerator- Generating unique operation named: loginUsingPOST_1
2019-10-20 17:56:33 [main] INFO  org.springframework.boot.web.embedded.tomcat.TomcatWebServer- Tomcat started on port(s): 8056 (http) with context path ''
2019-10-20 17:56:33 [main] INFO  com.shopping.shopping_protal_web.ShoppingProtalWebApplication- Started ShoppingProtalWebApplication in 27.952 seconds (JVM running for 38.084)
2019-10-20 17:56:33 [main] ERROR com.shoppingfilesplugin.shoppingfilesplugin.plugin.dao.FileUploadTempDao- table file_temp_centre exists!
2019-10-20 17:56:33 [main] INFO  com.shoppingfilesplugin.shoppingfilesplugin.plugin.runner.FilePluginRunner- [文件服务器组件]启用成功...
2019-10-20 17:56:33 [getAsyncExecutor-2] INFO  com.shoppingfilesplugin.shoppingfilesplugin.plugin.task.FileUploadTask- >>>队列文件上传，启动>>>
2019-10-20 17:56:33 [getAsyncExecutor-1] INFO  com.shoppingfilesplugin.shoppingfilesplugin.plugin.task.FileUploadTask- >>>未上传文件服务器列表读取，启动>>>
2019-10-20 18:00:04 [Thread-84] INFO  org.springframework.scheduling.concurrent.ThreadPoolTaskExecutor- Shutting down ExecutorService 'getAsyncExecutor'
2019-10-20 18:00:04 [Thread-84] INFO  org.springframework.orm.jpa.LocalContainerEntityManagerFactoryBean- Closing JPA EntityManagerFactory for persistence unit 'default'
2019-10-20 18:00:04 [Thread-84] INFO  com.zaxxer.hikari.HikariDataSource- HikariPool-1 - Shutdown initiated...
2019-10-20 18:00:04 [Thread-84] INFO  com.zaxxer.hikari.HikariDataSource- HikariPool-1 - Shutdown completed.
